{"C:\\Users\\juans\\Documents\\GitHub\\Parcial\\restaurante-backend\\src\\aplicacion\\auth\\LoginUsuario.ts": {"path":"C:\\Users\\juans\\Documents\\GitHub\\Parcial\\restaurante-backend\\src\\aplicacion\\auth\\LoginUsuario.ts","statementMap":{"0":{"start":{"line":2,"column":0},"end":{"line":2,"column":28}},"1":{"start":{"line":3,"column":0},"end":{"line":3,"column":31}},"2":{"start":{"line":4,"column":0},"end":{"line":4,"column":61}},"3":{"start":{"line":8,"column":26},"end":{"line":8,"column":53}},"4":{"start":{"line":14,"column":0},"end":{"line":17,"column":1}},"5":{"start":{"line":15,"column":4},"end":{"line":15,"column":42}},"6":{"start":{"line":19,"column":0},"end":{"line":21,"column":1}},"7":{"start":{"line":20,"column":4},"end":{"line":20,"column":null}},"8":{"start":{"line":22,"column":14},"end":{"line":22,"column":86}},"9":{"start":{"line":23,"column":0},"end":{"line":26,"column":1}},"10":{"start":{"line":24,"column":4},"end":{"line":24,"column":null}},"11":{"start":{"line":28,"column":23},"end":{"line":28,"column":81}},"12":{"start":{"line":29,"column":0},"end":{"line":31,"column":1}},"13":{"start":{"line":30,"column":2},"end":{"line":30,"column":46}},"14":{"start":{"line":32,"column":13},"end":{"line":39,"column":null}},"15":{"start":{"line":42,"column":0},"end":{"line":50,"column":2}},"16":{"start":{"line":7,"column":0},"end":{"line":7,"column":13}}},"fnMap":{"0":{"name":"(anonymous_1)","decl":{"start":{"line":8,"column":4},"end":{"line":8,"column":26}},"loc":{"start":{"line":8,"column":53},"end":{"line":8,"column":56}}},"1":{"name":"(anonymous_2)","decl":{"start":{"line":10,"column":4},"end":{"line":10,"column":9}},"loc":{"start":{"line":13,"column":5},"end":{"line":52,"column":1}}}},"branchMap":{"0":{"loc":{"start":{"line":14,"column":0},"end":{"line":17,"column":1}},"type":"if","locations":[{"start":{"line":14,"column":0},"end":{"line":17,"column":1}}]},"1":{"loc":{"start":{"line":14,"column":3},"end":{"line":14,"column":43}},"type":"binary-expr","locations":[{"start":{"line":14,"column":3},"end":{"line":14,"column":15}},{"start":{"line":14,"column":17},"end":{"line":14,"column":43}}]},"2":{"loc":{"start":{"line":19,"column":0},"end":{"line":21,"column":1}},"type":"if","locations":[{"start":{"line":19,"column":0},"end":{"line":21,"column":1}}]},"3":{"loc":{"start":{"line":19,"column":4},"end":{"line":19,"column":51}},"type":"binary-expr","locations":[{"start":{"line":19,"column":4},"end":{"line":19,"column":21}},{"start":{"line":19,"column":23},"end":{"line":19,"column":51}}]},"4":{"loc":{"start":{"line":23,"column":0},"end":{"line":26,"column":1}},"type":"if","locations":[{"start":{"line":23,"column":0},"end":{"line":26,"column":1}}]},"5":{"loc":{"start":{"line":29,"column":0},"end":{"line":31,"column":1}},"type":"if","locations":[{"start":{"line":29,"column":0},"end":{"line":31,"column":1}}]}},"s":{"0":1,"1":1,"2":1,"3":5,"4":5,"5":1,"6":4,"7":1,"8":3,"9":3,"10":1,"11":2,"12":2,"13":1,"14":1,"15":1,"16":1},"f":{"0":5,"1":5},"b":{"0":[1],"1":[5,5],"2":[1],"3":[4,4],"4":[1],"5":[1]}}
,"C:\\Users\\juans\\Documents\\GitHub\\Parcial\\restaurante-backend\\src\\aplicacion\\auth\\RegistrarUsuario.ts": {"path":"C:\\Users\\juans\\Documents\\GitHub\\Parcial\\restaurante-backend\\src\\aplicacion\\auth\\RegistrarUsuario.ts","statementMap":{"0":{"start":{"line":1,"column":0},"end":{"line":1,"column":55}},"1":{"start":{"line":4,"column":0},"end":{"line":4,"column":28}},"2":{"start":{"line":8,"column":26},"end":{"line":8,"column":53}},"3":{"start":{"line":18,"column":4},"end":{"line":20,"column":1}},"4":{"start":{"line":19,"column":4},"end":{"line":19,"column":48}},"5":{"start":{"line":22,"column":0},"end":{"line":25,"column":1}},"6":{"start":{"line":23,"column":4},"end":{"line":23,"column":42}},"7":{"start":{"line":26,"column":0},"end":{"line":28,"column":1}},"8":{"start":{"line":27,"column":4},"end":{"line":27,"column":null}},"9":{"start":{"line":31,"column":14},"end":{"line":31,"column":65}},"10":{"start":{"line":32,"column":0},"end":{"line":34,"column":1}},"11":{"start":{"line":33,"column":4},"end":{"line":33,"column":70}},"12":{"start":{"line":36,"column":12},"end":{"line":36,"column":50}},"13":{"start":{"line":38,"column":23},"end":{"line":45,"column":2}},"14":{"start":{"line":47,"column":14},"end":{"line":47,"column":51}},"15":{"start":{"line":49,"column":42},"end":{"line":49,"column":48}},"16":{"start":{"line":50,"column":0},"end":{"line":50,"column":26}},"17":{"start":{"line":7,"column":0},"end":{"line":7,"column":13}}},"fnMap":{"0":{"name":"(anonymous_1)","decl":{"start":{"line":8,"column":4},"end":{"line":8,"column":26}},"loc":{"start":{"line":8,"column":53},"end":{"line":8,"column":60}}},"1":{"name":"(anonymous_2)","decl":{"start":{"line":10,"column":0},"end":{"line":10,"column":5}},"loc":{"start":{"line":16,"column":1},"end":{"line":51,"column":1}}}},"branchMap":{"0":{"loc":{"start":{"line":18,"column":4},"end":{"line":20,"column":1}},"type":"if","locations":[{"start":{"line":18,"column":4},"end":{"line":20,"column":1}}]},"1":{"loc":{"start":{"line":18,"column":8},"end":{"line":18,"column":47}},"type":"binary-expr","locations":[{"start":{"line":18,"column":8},"end":{"line":18,"column":21}},{"start":{"line":18,"column":23},"end":{"line":18,"column":47}}]},"2":{"loc":{"start":{"line":22,"column":0},"end":{"line":25,"column":1}},"type":"if","locations":[{"start":{"line":22,"column":0},"end":{"line":25,"column":1}}]},"3":{"loc":{"start":{"line":22,"column":3},"end":{"line":22,"column":43}},"type":"binary-expr","locations":[{"start":{"line":22,"column":3},"end":{"line":22,"column":15}},{"start":{"line":22,"column":17},"end":{"line":22,"column":43}}]},"4":{"loc":{"start":{"line":26,"column":0},"end":{"line":28,"column":1}},"type":"if","locations":[{"start":{"line":26,"column":0},"end":{"line":28,"column":1}}]},"5":{"loc":{"start":{"line":26,"column":4},"end":{"line":26,"column":49}},"type":"binary-expr","locations":[{"start":{"line":26,"column":4},"end":{"line":26,"column":21}},{"start":{"line":26,"column":23},"end":{"line":26,"column":49}}]},"6":{"loc":{"start":{"line":32,"column":0},"end":{"line":34,"column":1}},"type":"if","locations":[{"start":{"line":32,"column":0},"end":{"line":34,"column":1}}]}},"s":{"0":1,"1":1,"2":5,"3":5,"4":1,"5":4,"6":1,"7":3,"8":1,"9":2,"10":2,"11":1,"12":1,"13":1,"14":1,"15":1,"16":1,"17":1},"f":{"0":5,"1":5},"b":{"0":[1],"1":[5,4],"2":[1],"3":[4,4],"4":[1],"5":[3,3],"6":[1]}}
,"C:\\Users\\juans\\Documents\\GitHub\\Parcial\\restaurante-backend\\src\\aplicacion\\reservas\\CancelarReserva.ts": {"path":"C:\\Users\\juans\\Documents\\GitHub\\Parcial\\restaurante-backend\\src\\aplicacion\\reservas\\CancelarReserva.ts","statementMap":{"0":{"start":{"line":4,"column":26},"end":{"line":4,"column":54}},"1":{"start":{"line":7,"column":0},"end":{"line":9,"column":1}},"2":{"start":{"line":8,"column":4},"end":{"line":8,"column":57}},"3":{"start":{"line":11,"column":16},"end":{"line":11,"column":55}},"4":{"start":{"line":12,"column":0},"end":{"line":14,"column":1}},"5":{"start":{"line":13,"column":4},"end":{"line":13,"column":46}},"6":{"start":{"line":16,"column":0},"end":{"line":18,"column":1}},"7":{"start":{"line":17,"column":4},"end":{"line":17,"column":52}},"8":{"start":{"line":20,"column":0},"end":{"line":22,"column":1}},"9":{"start":{"line":21,"column":4},"end":{"line":21,"column":null}},"10":{"start":{"line":24,"column":0},"end":{"line":26,"column":1}},"11":{"start":{"line":25,"column":4},"end":{"line":25,"column":null}},"12":{"start":{"line":28,"column":0},"end":{"line":37,"column":1}},"13":{"start":{"line":29,"column":18},"end":{"line":29,"column":28}},"14":{"start":{"line":30,"column":29},"end":{"line":30,"column":82}},"15":{"start":{"line":31,"column":28},"end":{"line":31,"column":88}},"16":{"start":{"line":33,"column":0},"end":{"line":35,"column":1}},"17":{"start":{"line":34,"column":4},"end":{"line":34,"column":null}},"18":{"start":{"line":39,"column":18},"end":{"line":39,"column":53}},"19":{"start":{"line":40,"column":0},"end":{"line":42,"column":1}},"20":{"start":{"line":41,"column":4},"end":{"line":41,"column":null}},"21":{"start":{"line":44,"column":0},"end":{"line":44,"column":null}},"22":{"start":{"line":3,"column":0},"end":{"line":3,"column":13}}},"fnMap":{"0":{"name":"(anonymous_0)","decl":{"start":{"line":4,"column":4},"end":{"line":4,"column":26}},"loc":{"start":{"line":4,"column":54},"end":{"line":4,"column":57}}},"1":{"name":"(anonymous_1)","decl":{"start":{"line":6,"column":4},"end":{"line":6,"column":9}},"loc":{"start":{"line":6,"column":60},"end":{"line":46,"column":5}}}},"branchMap":{"0":{"loc":{"start":{"line":7,"column":0},"end":{"line":9,"column":1}},"type":"if","locations":[{"start":{"line":7,"column":0},"end":{"line":9,"column":1}}]},"1":{"loc":{"start":{"line":7,"column":4},"end":{"line":7,"column":18}},"type":"binary-expr","locations":[{"start":{"line":7,"column":4},"end":{"line":7,"column":7}},{"start":{"line":7,"column":11},"end":{"line":7,"column":18}}]},"2":{"loc":{"start":{"line":12,"column":0},"end":{"line":14,"column":1}},"type":"if","locations":[{"start":{"line":12,"column":0},"end":{"line":14,"column":1}}]},"3":{"loc":{"start":{"line":16,"column":0},"end":{"line":18,"column":1}},"type":"if","locations":[{"start":{"line":16,"column":0},"end":{"line":18,"column":1}}]},"4":{"loc":{"start":{"line":20,"column":0},"end":{"line":22,"column":1}},"type":"if","locations":[{"start":{"line":20,"column":0},"end":{"line":22,"column":1}}]},"5":{"loc":{"start":{"line":24,"column":0},"end":{"line":26,"column":1}},"type":"if","locations":[{"start":{"line":24,"column":0},"end":{"line":26,"column":1}}]},"6":{"loc":{"start":{"line":24,"column":4},"end":{"line":24,"column":58}},"type":"binary-expr","locations":[{"start":{"line":24,"column":4},"end":{"line":24,"column":21}},{"start":{"line":24,"column":25},"end":{"line":24,"column":58}}]},"7":{"loc":{"start":{"line":28,"column":0},"end":{"line":37,"column":1}},"type":"if","locations":[{"start":{"line":28,"column":0},"end":{"line":37,"column":1}}]},"8":{"loc":{"start":{"line":33,"column":0},"end":{"line":35,"column":1}},"type":"if","locations":[{"start":{"line":33,"column":0},"end":{"line":35,"column":1}}]},"9":{"loc":{"start":{"line":40,"column":0},"end":{"line":42,"column":1}},"type":"if","locations":[{"start":{"line":40,"column":0},"end":{"line":42,"column":1}}]}},"s":{"0":7,"1":7,"2":1,"3":6,"4":6,"5":1,"6":5,"7":1,"8":4,"9":1,"10":3,"11":1,"12":2,"13":1,"14":1,"15":1,"16":1,"17":0,"18":2,"19":2,"20":0,"21":2,"22":1},"f":{"0":7,"1":7},"b":{"0":[1],"1":[7,6],"2":[1],"3":[1],"4":[1],"5":[1],"6":[3,2],"7":[1],"8":[0],"9":[0]}}
,"C:\\Users\\juans\\Documents\\GitHub\\Parcial\\restaurante-backend\\src\\aplicacion\\reservas\\CrearReserva.ts": {"path":"C:\\Users\\juans\\Documents\\GitHub\\Parcial\\restaurante-backend\\src\\aplicacion\\reservas\\CrearReserva.ts","statementMap":{"0":{"start":{"line":4,"column":0},"end":{"line":4,"column":61}},"1":{"start":{"line":5,"column":0},"end":{"line":5,"column":61}},"2":{"start":{"line":10,"column":13},"end":{"line":10,"column":40}},"3":{"start":{"line":11,"column":13},"end":{"line":11,"column":34}},"4":{"start":{"line":23,"column":0},"end":{"line":25,"column":1}},"5":{"start":{"line":24,"column":4},"end":{"line":24,"column":null}},"6":{"start":{"line":27,"column":0},"end":{"line":29,"column":1}},"7":{"start":{"line":28,"column":4},"end":{"line":28,"column":null}},"8":{"start":{"line":31,"column":0},"end":{"line":33,"column":1}},"9":{"start":{"line":32,"column":4},"end":{"line":32,"column":null}},"10":{"start":{"line":35,"column":0},"end":{"line":37,"column":1}},"11":{"start":{"line":36,"column":4},"end":{"line":36,"column":null}},"12":{"start":{"line":38,"column":0},"end":{"line":40,"column":1}},"13":{"start":{"line":39,"column":4},"end":{"line":39,"column":null}},"14":{"start":{"line":41,"column":17},"end":{"line":43,"column":null}},"15":{"start":{"line":46,"column":0},"end":{"line":55,"column":1}},"16":{"start":{"line":53,"column":4},"end":{"line":54,"column":8}},"17":{"start":{"line":59,"column":13},"end":{"line":59,"column":60}},"18":{"start":{"line":60,"column":0},"end":{"line":62,"column":1}},"19":{"start":{"line":61,"column":4},"end":{"line":61,"column":42}},"20":{"start":{"line":65,"column":0},"end":{"line":67,"column":1}},"21":{"start":{"line":66,"column":4},"end":{"line":66,"column":85}},"22":{"start":{"line":70,"column":18},"end":{"line":74,"column":null}},"23":{"start":{"line":77,"column":0},"end":{"line":79,"column":1}},"24":{"start":{"line":78,"column":4},"end":{"line":78,"column":null}},"25":{"start":{"line":80,"column":24},"end":{"line":89,"column":null}},"26":{"start":{"line":90,"column":0},"end":{"line":90,"column":45}},"27":{"start":{"line":95,"column":17},"end":{"line":95,"column":51}},"28":{"start":{"line":96,"column":20},"end":{"line":96,"column":40}},"29":{"start":{"line":97,"column":15},"end":{"line":97,"column":65}},"30":{"start":{"line":98,"column":15},"end":{"line":98,"column":65}},"31":{"start":{"line":99,"column":4},"end":{"line":99,"column":32}},"32":{"start":{"line":110,"column":4},"end":{"line":110,"column":47}},"33":{"start":{"line":8,"column":0},"end":{"line":8,"column":13}}},"fnMap":{"0":{"name":"(anonymous_1)","decl":{"start":{"line":9,"column":0},"end":{"line":9,"column":null}},"loc":{"start":{"line":11,"column":34},"end":{"line":12,"column":3}}},"1":{"name":"(anonymous_2)","decl":{"start":{"line":14,"column":0},"end":{"line":14,"column":5}},"loc":{"start":{"line":21,"column":1},"end":{"line":92,"column":1}}},"2":{"name":"(anonymous_3)","decl":{"start":{"line":94,"column":8},"end":{"line":94,"column":23}},"loc":{"start":{"line":94,"column":63},"end":{"line":101,"column":1}}},"3":{"name":"(anonymous_4)","decl":{"start":{"line":103,"column":8},"end":{"line":103,"column":23}},"loc":{"start":{"line":107,"column":17},"end":{"line":111,"column":1}}}},"branchMap":{"0":{"loc":{"start":{"line":23,"column":0},"end":{"line":25,"column":1}},"type":"if","locations":[{"start":{"line":23,"column":0},"end":{"line":25,"column":1}}]},"1":{"loc":{"start":{"line":23,"column":3},"end":{"line":23,"column":41}},"type":"binary-expr","locations":[{"start":{"line":23,"column":3},"end":{"line":23,"column":15}},{"start":{"line":23,"column":17},"end":{"line":23,"column":41}}]},"2":{"loc":{"start":{"line":27,"column":0},"end":{"line":29,"column":1}},"type":"if","locations":[{"start":{"line":27,"column":0},"end":{"line":29,"column":1}}]},"3":{"loc":{"start":{"line":27,"column":3},"end":{"line":27,"column":53}},"type":"binary-expr","locations":[{"start":{"line":27,"column":3},"end":{"line":27,"column":21}},{"start":{"line":27,"column":24},"end":{"line":27,"column":53}}]},"4":{"loc":{"start":{"line":31,"column":0},"end":{"line":33,"column":1}},"type":"if","locations":[{"start":{"line":31,"column":0},"end":{"line":33,"column":1}}]},"5":{"loc":{"start":{"line":31,"column":4},"end":{"line":31,"column":57}},"type":"binary-expr","locations":[{"start":{"line":31,"column":4},"end":{"line":31,"column":28}},{"start":{"line":31,"column":31},"end":{"line":31,"column":57}}]},"6":{"loc":{"start":{"line":35,"column":0},"end":{"line":37,"column":1}},"type":"if","locations":[{"start":{"line":35,"column":0},"end":{"line":37,"column":1}}]},"7":{"loc":{"start":{"line":38,"column":0},"end":{"line":40,"column":1}},"type":"if","locations":[{"start":{"line":38,"column":0},"end":{"line":40,"column":1}}]},"8":{"loc":{"start":{"line":46,"column":0},"end":{"line":55,"column":1}},"type":"if","locations":[{"start":{"line":46,"column":0},"end":{"line":55,"column":1}}]},"9":{"loc":{"start":{"line":60,"column":0},"end":{"line":62,"column":1}},"type":"if","locations":[{"start":{"line":60,"column":0},"end":{"line":62,"column":1}}]},"10":{"loc":{"start":{"line":65,"column":0},"end":{"line":67,"column":1}},"type":"if","locations":[{"start":{"line":65,"column":0},"end":{"line":67,"column":1}}]},"11":{"loc":{"start":{"line":77,"column":0},"end":{"line":79,"column":1}},"type":"if","locations":[{"start":{"line":77,"column":0},"end":{"line":79,"column":1}}]},"12":{"loc":{"start":{"line":110,"column":11},"end":{"line":110,"column":46}},"type":"binary-expr","locations":[{"start":{"line":110,"column":11},"end":{"line":110,"column":29}},{"start":{"line":110,"column":33},"end":{"line":110,"column":46}}]}},"s":{"0":1,"1":1,"2":7,"3":7,"4":7,"5":1,"6":6,"7":1,"8":5,"9":1,"10":4,"11":0,"12":4,"13":0,"14":4,"15":4,"16":0,"17":4,"18":4,"19":1,"20":3,"21":1,"22":2,"23":2,"24":1,"25":1,"26":1,"27":4,"28":4,"29":4,"30":4,"31":4,"32":4,"33":1},"f":{"0":7,"1":7,"2":4,"3":4},"b":{"0":[1],"1":[7,6],"2":[1],"3":[6,5],"4":[1],"5":[5,4],"6":[0],"7":[0],"8":[0],"9":[1],"10":[1],"11":[1],"12":[4,4]}}
,"C:\\Users\\juans\\Documents\\GitHub\\Parcial\\restaurante-backend\\src\\dominio\\Enum\\EstadoReserva.ts": {"path":"C:\\Users\\juans\\Documents\\GitHub\\Parcial\\restaurante-backend\\src\\dominio\\Enum\\EstadoReserva.ts","statementMap":{"0":{"start":{"line":1,"column":0},"end":{"line":1,"column":null}},"1":{"start":{"line":2,"column":0},"end":{"line":2,"column":null}},"2":{"start":{"line":3,"column":0},"end":{"line":3,"column":null}},"3":{"start":{"line":4,"column":0},"end":{"line":4,"column":null}},"4":{"start":{"line":5,"column":0},"end":{"line":5,"column":null}},"5":{"start":{"line":6,"column":0},"end":{"line":6,"column":null}},"6":{"start":{"line":10,"column":0},"end":{"line":10,"column":null}}},"fnMap":{"0":{"name":"(anonymous_0)","decl":{"start":{"line":1,"column":0},"end":{"line":1,"column":5}},"loc":{"start":{"line":1,"column":18},"end":{"line":8,"column":1}}}},"branchMap":{"0":{"loc":{"start":{"line":1,"column":5},"end":{"line":1,"column":null}},"type":"binary-expr","locations":[{"start":{"line":1,"column":5},"end":{"line":1,"column":18}},{"start":{"line":1,"column":5},"end":{"line":1,"column":null}}]}},"s":{"0":2,"1":2,"2":2,"3":2,"4":2,"5":2,"6":2},"f":{"0":2},"b":{"0":[2,2]}}
,"C:\\Users\\juans\\Documents\\GitHub\\Parcial\\restaurante-backend\\src\\dominio\\Enum\\RolUsuario.ts": {"path":"C:\\Users\\juans\\Documents\\GitHub\\Parcial\\restaurante-backend\\src\\dominio\\Enum\\RolUsuario.ts","statementMap":{"0":{"start":{"line":1,"column":0},"end":{"line":1,"column":null}},"1":{"start":{"line":2,"column":0},"end":{"line":2,"column":null}},"2":{"start":{"line":3,"column":0},"end":{"line":3,"column":null}},"3":{"start":{"line":4,"column":0},"end":{"line":4,"column":null}},"4":{"start":{"line":9,"column":0},"end":{"line":9,"column":null}}},"fnMap":{"0":{"name":"(anonymous_0)","decl":{"start":{"line":1,"column":0},"end":{"line":1,"column":5}},"loc":{"start":{"line":1,"column":15},"end":{"line":7,"column":1}}}},"branchMap":{"0":{"loc":{"start":{"line":1,"column":5},"end":{"line":1,"column":null}},"type":"binary-expr","locations":[{"start":{"line":1,"column":5},"end":{"line":1,"column":15}},{"start":{"line":1,"column":5},"end":{"line":1,"column":null}}]}},"s":{"0":2,"1":2,"2":2,"3":2,"4":2},"f":{"0":2},"b":{"0":[2,2]}}
,"C:\\Users\\juans\\Documents\\GitHub\\Parcial\\restaurante-backend\\src\\infraestructura\\config\\config.ts": {"path":"C:\\Users\\juans\\Documents\\GitHub\\Parcial\\restaurante-backend\\src\\infraestructura\\config\\config.ts","statementMap":{"0":{"start":{"line":1,"column":13},"end":{"line":28,"column":2}}},"fnMap":{},"branchMap":{},"s":{"0":2},"f":{},"b":{}}
}
