TN:
SF:src\aplicacion\auth\LoginUsuario.ts
FN:8,(anonymous_1)
FN:10,(anonymous_2)
FNF:2
FNH:2
FNDA:5,(anonymous_1)
FNDA:5,(anonymous_2)
DA:2,1
DA:3,1
DA:4,1
DA:7,1
DA:8,5
DA:14,5
DA:15,1
DA:19,4
DA:20,1
DA:22,3
DA:23,3
DA:24,1
DA:28,2
DA:29,2
DA:30,1
DA:32,1
DA:42,1
LF:17
LH:17
BRDA:14,0,0,1
BRDA:14,1,0,5
BRDA:14,1,1,5
BRDA:19,2,0,1
BRDA:19,3,0,4
BRDA:19,3,1,4
BRDA:23,4,0,1
BRDA:29,5,0,1
BRF:8
BRH:8
end_of_record
TN:
SF:src\aplicacion\auth\RegistrarUsuario.ts
FN:8,(anonymous_1)
FN:10,(anonymous_2)
FNF:2
FNH:2
FNDA:5,(anonymous_1)
FNDA:5,(anonymous_2)
DA:1,1
DA:4,1
DA:7,1
DA:8,5
DA:18,5
DA:19,1
DA:22,4
DA:23,1
DA:26,3
DA:27,1
DA:31,2
DA:32,2
DA:33,1
DA:36,1
DA:38,1
DA:47,1
DA:49,1
DA:50,1
LF:18
LH:18
BRDA:18,0,0,1
BRDA:18,1,0,5
BRDA:18,1,1,4
BRDA:22,2,0,1
BRDA:22,3,0,4
BRDA:22,3,1,4
BRDA:26,4,0,1
BRDA:26,5,0,3
BRDA:26,5,1,3
BRDA:32,6,0,1
BRF:10
BRH:10
end_of_record
TN:
SF:src\aplicacion\reservas\CancelarReserva.ts
FN:4,(anonymous_0)
FN:6,(anonymous_1)
FNF:2
FNH:2
FNDA:7,(anonymous_0)
FNDA:7,(anonymous_1)
DA:3,1
DA:4,7
DA:7,7
DA:8,1
DA:11,6
DA:12,6
DA:13,1
DA:16,5
DA:17,1
DA:20,4
DA:21,1
DA:24,3
DA:25,1
DA:28,2
DA:29,1
DA:30,1
DA:31,1
DA:33,1
DA:34,0
DA:39,2
DA:40,2
DA:41,0
DA:44,2
LF:23
LH:21
BRDA:7,0,0,1
BRDA:7,1,0,7
BRDA:7,1,1,6
BRDA:12,2,0,1
BRDA:16,3,0,1
BRDA:20,4,0,1
BRDA:24,5,0,1
BRDA:24,6,0,3
BRDA:24,6,1,2
BRDA:28,7,0,1
BRDA:33,8,0,0
BRDA:40,9,0,0
BRF:12
BRH:10
end_of_record
TN:
SF:src\aplicacion\reservas\CrearReserva.ts
FN:9,(anonymous_1)
FN:14,(anonymous_2)
FN:94,(anonymous_3)
FN:103,(anonymous_4)
FNF:4
FNH:4
FNDA:7,(anonymous_1)
FNDA:7,(anonymous_2)
FNDA:4,(anonymous_3)
FNDA:4,(anonymous_4)
DA:4,1
DA:5,1
DA:8,1
DA:10,7
DA:11,7
DA:23,7
DA:24,1
DA:27,6
DA:28,1
DA:31,5
DA:32,1
DA:35,4
DA:36,0
DA:38,4
DA:39,0
DA:41,4
DA:46,4
DA:53,0
DA:59,4
DA:60,4
DA:61,1
DA:65,3
DA:66,1
DA:70,2
DA:77,2
DA:78,1
DA:80,1
DA:90,1
DA:95,4
DA:96,4
DA:97,4
DA:98,4
DA:99,4
DA:110,4
LF:34
LH:31
BRDA:23,0,0,1
BRDA:23,1,0,7
BRDA:23,1,1,6
BRDA:27,2,0,1
BRDA:27,3,0,6
BRDA:27,3,1,5
BRDA:31,4,0,1
BRDA:31,5,0,5
BRDA:31,5,1,4
BRDA:35,6,0,0
BRDA:38,7,0,0
BRDA:46,8,0,0
BRDA:60,9,0,1
BRDA:65,10,0,1
BRDA:77,11,0,1
BRDA:110,12,0,4
BRDA:110,12,1,4
BRF:17
BRH:14
end_of_record
TN:
SF:src\dominio\Enum\EstadoReserva.ts
FN:1,(anonymous_0)
FNF:1
FNH:1
FNDA:2,(anonymous_0)
DA:1,2
DA:2,2
DA:3,2
DA:4,2
DA:5,2
DA:6,2
DA:10,2
LF:7
LH:7
BRDA:1,0,0,2
BRDA:1,0,1,2
BRF:2
BRH:2
end_of_record
TN:
SF:src\dominio\Enum\RolUsuario.ts
FN:1,(anonymous_0)
FNF:1
FNH:1
FNDA:2,(anonymous_0)
DA:1,2
DA:2,2
DA:3,2
DA:4,2
DA:9,2
LF:5
LH:5
BRDA:1,0,0,2
BRDA:1,0,1,2
BRF:2
BRH:2
end_of_record
TN:
SF:src\infraestructura\config\config.ts
FNF:0
FNH:0
DA:1,2
LF:1
LH:1
BRF:0
BRH:0
end_of_record
